  [1m[35m (0.1ms)[0m  [1m[34mSELECT sqlite_version(*)[0m
  [1m[35m (1.5ms)[0m  [1m[35mCREATE TABLE "schema_migrations" ("version" varchar NOT NULL PRIMARY KEY)[0m
  [1m[35m (1.2ms)[0m  [1m[35mCREATE TABLE "ar_internal_metadata" ("key" varchar NOT NULL PRIMARY KEY, "value" varchar, "created_at" datetime NOT NULL, "updated_at" datetime NOT NULL)[0m
  [1m[35m (0.1ms)[0m  [1m[34mSELECT "schema_migrations"."version" FROM "schema_migrations" ORDER BY "schema_migrations"."version" ASC[0m
Migrating to CreateUsers (20191104084005)
  [1m[35m (0.0ms)[0m  [1m[36mbegin transaction[0m
  [1m[35m (0.4ms)[0m  [1m[35mCREATE TABLE "users" ("id" INTEGER PRIMARY KEY AUTOINCREMENT NOT NULL, "name" varchar, "email" varchar, "created_at" datetime NOT NULL, "updated_at" datetime NOT NULL)[0m
  [1m[35mSQL (0.4ms)[0m  [1m[32mINSERT INTO "schema_migrations" ("version") VALUES (?)[0m  [["version", "20191104084005"]]
  [1m[35m (6.5ms)[0m  [1m[36mcommit transaction[0m
  [1m[36mActiveRecord::InternalMetadata Load (0.1ms)[0m  [1m[34mSELECT  "ar_internal_metadata".* FROM "ar_internal_metadata" WHERE "ar_internal_metadata"."key" = ? LIMIT ?[0m  [["key", "environment"], ["LIMIT", 1]]
  [1m[35m (0.0ms)[0m  [1m[36mbegin transaction[0m
  [1m[35mSQL (0.3ms)[0m  [1m[32mINSERT INTO "ar_internal_metadata" ("key", "value", "created_at", "updated_at") VALUES (?, ?, ?, ?)[0m  [["key", "environment"], ["value", "development"], ["created_at", "2019-11-04 08:40:20.690630"], ["updated_at", "2019-11-04 08:40:20.690630"]]
  [1m[35m (1.1ms)[0m  [1m[36mcommit transaction[0m
  [1m[35m (0.1ms)[0m  [1m[34mSELECT "schema_migrations"."version" FROM "schema_migrations" ORDER BY "schema_migrations"."version" ASC[0m
  [1m[35m (1.0ms)[0m  [1m[34mSELECT "schema_migrations"."version" FROM "schema_migrations" ORDER BY "schema_migrations"."version" ASC[0m
Migrating to CreateMictoposts (20191104084148)
  [1m[35m (0.0ms)[0m  [1m[36mbegin transaction[0m
  [1m[35m (0.1ms)[0m  [1m[34mSELECT sqlite_version(*)[0m
  [1m[35m (0.4ms)[0m  [1m[35mCREATE TABLE "mictoposts" ("id" INTEGER PRIMARY KEY AUTOINCREMENT NOT NULL, "content" text, "user_id" integer, "created_at" datetime NOT NULL, "updated_at" datetime NOT NULL)[0m
  [1m[35mSQL (0.2ms)[0m  [1m[32mINSERT INTO "schema_migrations" ("version") VALUES (?)[0m  [["version", "20191104084148"]]
  [1m[35m (2.6ms)[0m  [1m[36mcommit transaction[0m
  [1m[36mActiveRecord::InternalMetadata Load (0.4ms)[0m  [1m[34mSELECT  "ar_internal_metadata".* FROM "ar_internal_metadata" WHERE "ar_internal_metadata"."key" = ? LIMIT ?[0m  [["key", "environment"], ["LIMIT", 1]]
  [1m[35m (0.0ms)[0m  [1m[36mbegin transaction[0m
  [1m[35m (0.0ms)[0m  [1m[36mcommit transaction[0m
  [1m[35m (0.1ms)[0m  [1m[34mSELECT "schema_migrations"."version" FROM "schema_migrations" ORDER BY "schema_migrations"."version" ASC[0m
Started GET "/" for 127.0.0.1 at 2019-11-04 17:45:30 +0900
  [1m[35m (0.7ms)[0m  [1m[34mSELECT "schema_migrations"."version" FROM "schema_migrations" ORDER BY "schema_migrations"."version" ASC[0m
Processing by UsersController#index as HTML
  Rendering users/index.html.erb within layouts/application
  [1m[36mUser Load (0.1ms)[0m  [1m[34mSELECT "users".* FROM "users"[0m
  Rendered users/index.html.erb within layouts/application (3.1ms)
Completed 200 OK in 1148ms (Views: 1136.5ms | ActiveRecord: 0.4ms)


Started GET "/microposts" for 127.0.0.1 at 2019-11-04 17:45:41 +0900
  
ActionController::RoutingError (No route matches [GET] "/microposts"):
  
actionpack (5.1.6) lib/action_dispatch/middleware/debug_exceptions.rb:63:in `call'
web-console (3.5.1) lib/web_console/middleware.rb:135:in `call_app'
web-console (3.5.1) lib/web_console/middleware.rb:28:in `block in call'
web-console (3.5.1) lib/web_console/middleware.rb:18:in `catch'
web-console (3.5.1) lib/web_console/middleware.rb:18:in `call'
actionpack (5.1.6) lib/action_dispatch/middleware/show_exceptions.rb:31:in `call'
railties (5.1.6) lib/rails/rack/logger.rb:36:in `call_app'
railties (5.1.6) lib/rails/rack/logger.rb:24:in `block in call'
activesupport (5.1.6) lib/active_support/tagged_logging.rb:69:in `block in tagged'
activesupport (5.1.6) lib/active_support/tagged_logging.rb:26:in `tagged'
activesupport (5.1.6) lib/active_support/tagged_logging.rb:69:in `tagged'
railties (5.1.6) lib/rails/rack/logger.rb:24:in `call'
sprockets-rails (3.2.1) lib/sprockets/rails/quiet_assets.rb:13:in `call'
actionpack (5.1.6) lib/action_dispatch/middleware/remote_ip.rb:79:in `call'
actionpack (5.1.6) lib/action_dispatch/middleware/request_id.rb:25:in `call'
rack (2.0.7) lib/rack/method_override.rb:22:in `call'
rack (2.0.7) lib/rack/runtime.rb:22:in `call'
activesupport (5.1.6) lib/active_support/cache/strategy/local_cache_middleware.rb:27:in `call'
actionpack (5.1.6) lib/action_dispatch/middleware/executor.rb:12:in `call'
actionpack (5.1.6) lib/action_dispatch/middleware/static.rb:125:in `call'
rack (2.0.7) lib/rack/sendfile.rb:111:in `call'
railties (5.1.6) lib/rails/engine.rb:522:in `call'
puma (3.9.1) lib/puma/configuration.rb:224:in `call'
puma (3.9.1) lib/puma/server.rb:602:in `handle_request'
puma (3.9.1) lib/puma/server.rb:435:in `process_client'
puma (3.9.1) lib/puma/server.rb:299:in `block in run'
puma (3.9.1) lib/puma/thread_pool.rb:120:in `block in spawn_thread'
Started GET "/" for 127.0.0.1 at 2019-11-04 17:46:23 +0900
Processing by UsersController#index as HTML
  Rendering users/index.html.erb within layouts/application
  [1m[36mUser Load (0.1ms)[0m  [1m[34mSELECT "users".* FROM "users"[0m
  Rendered users/index.html.erb within layouts/application (2.8ms)
Completed 200 OK in 31ms (Views: 23.2ms | ActiveRecord: 0.7ms)


Started GET "/users/new" for 127.0.0.1 at 2019-11-04 17:46:26 +0900
Processing by UsersController#new as HTML
  Rendering users/new.html.erb within layouts/application
  Rendered users/_form.html.erb (12.0ms)
  Rendered users/new.html.erb within layouts/application (14.0ms)
Completed 200 OK in 57ms (Views: 46.9ms | ActiveRecord: 0.6ms)


Started POST "/users" for 127.0.0.1 at 2019-11-04 17:46:29 +0900
Processing by UsersController#create as HTML
  Parameters: {"utf8"=>"✓", "authenticity_token"=>"pIgOJt/oXtrkj5qPIT/c1Svhf8xiHnFB+wrStjNh1j9YvNxXC2JeteObPv6ly1QjecvmeePpF2BqMlOqq9rpSA==", "user"=>{"name"=>"afsa", "email"=>"fagd"}, "commit"=>"Create User"}
  [1m[35m (0.1ms)[0m  [1m[36mbegin transaction[0m
  [1m[35mSQL (0.7ms)[0m  [1m[32mINSERT INTO "users" ("name", "email", "created_at", "updated_at") VALUES (?, ?, ?, ?)[0m  [["name", "afsa"], ["email", "fagd"], ["created_at", "2019-11-04 08:46:29.895928"], ["updated_at", "2019-11-04 08:46:29.895928"]]
  [1m[35m (1.7ms)[0m  [1m[36mcommit transaction[0m
Redirected to http://localhost:3000/users/1
Completed 302 Found in 8ms (ActiveRecord: 2.5ms)


Started GET "/users/1" for 127.0.0.1 at 2019-11-04 17:46:29 +0900
Processing by UsersController#show as HTML
  Parameters: {"id"=>"1"}
  [1m[36mUser Load (0.3ms)[0m  [1m[34mSELECT  "users".* FROM "users" WHERE "users"."id" = ? LIMIT ?[0m  [["id", 1], ["LIMIT", 1]]
  Rendering users/show.html.erb within layouts/application
  Rendered users/show.html.erb within layouts/application (0.7ms)
Completed 200 OK in 57ms (Views: 47.9ms | ActiveRecord: 0.3ms)


Started GET "/users" for 127.0.0.1 at 2019-11-04 17:46:31 +0900
Processing by UsersController#index as HTML
  Rendering users/index.html.erb within layouts/application
  [1m[36mUser Load (0.2ms)[0m  [1m[34mSELECT "users".* FROM "users"[0m
  Rendered users/index.html.erb within layouts/application (4.1ms)
Completed 200 OK in 35ms (Views: 28.9ms | ActiveRecord: 0.2ms)


Started GET "/users/new" for 127.0.0.1 at 2019-11-04 17:46:32 +0900
Processing by UsersController#new as HTML
  Rendering users/new.html.erb within layouts/application
  Rendered users/_form.html.erb (4.8ms)
  Rendered users/new.html.erb within layouts/application (6.7ms)
Completed 200 OK in 32ms (Views: 29.6ms | ActiveRecord: 0.0ms)


Started POST "/users" for 127.0.0.1 at 2019-11-04 17:46:33 +0900
Processing by UsersController#create as HTML
  Parameters: {"utf8"=>"✓", "authenticity_token"=>"AqEpdQ0A+tolhqBFNX4R1BNN/eXUv6pZx1ZWPxoto37+lfsE2Yr6tSKSBDSxipkiQWdkUFVIzHhWbtcjgpacCQ==", "user"=>{"name"=>"", "email"=>""}, "commit"=>"Create User"}
  [1m[35m (0.1ms)[0m  [1m[36mbegin transaction[0m
  [1m[35m (0.2ms)[0m  [1m[31mrollback transaction[0m
  Rendering users/new.html.erb within layouts/application
  Rendered users/_form.html.erb (2.9ms)
  Rendered users/new.html.erb within layouts/application (4.6ms)
Completed 200 OK in 32ms (Views: 26.4ms | ActiveRecord: 0.3ms)


Started POST "/users" for 127.0.0.1 at 2019-11-04 17:46:36 +0900
Processing by UsersController#create as HTML
  Parameters: {"utf8"=>"✓", "authenticity_token"=>"qZdygIZ6+yREppjL77jYoU/s3qd+E6AF/y5qBuNqu4c0G8R+VsXp9q2835826lRNzEy2pF2pz2hD1WxLQbfChA==", "user"=>{"name"=>"aaa", "email"=>""}, "commit"=>"Create User"}
  [1m[35m (0.2ms)[0m  [1m[36mbegin transaction[0m
  [1m[35m (0.1ms)[0m  [1m[31mrollback transaction[0m
  Rendering users/new.html.erb within layouts/application
  Rendered users/_form.html.erb (3.4ms)
  Rendered users/new.html.erb within layouts/application (5.6ms)
Completed 200 OK in 38ms (Views: 34.0ms | ActiveRecord: 0.3ms)


Started POST "/users" for 127.0.0.1 at 2019-11-04 17:46:40 +0900
Processing by UsersController#create as HTML
  Parameters: {"utf8"=>"✓", "authenticity_token"=>"kXyOEGJMxL3iTw83Ui2jQywtJpCB2Nrx7oC7jBNXY5AM8DjusvPWbwtVSGOLfy+vr41Ok6JitZxSe73BsYoakw==", "user"=>{"name"=>"aaa", "email"=>"fdfwf"}, "commit"=>"Create User"}
  [1m[35m (0.1ms)[0m  [1m[36mbegin transaction[0m
  [1m[35mSQL (0.8ms)[0m  [1m[32mINSERT INTO "users" ("name", "email", "created_at", "updated_at") VALUES (?, ?, ?, ?)[0m  [["name", "aaa"], ["email", "fdfwf"], ["created_at", "2019-11-04 08:46:40.408545"], ["updated_at", "2019-11-04 08:46:40.408545"]]
  [1m[35m (1.2ms)[0m  [1m[36mcommit transaction[0m
Redirected to http://localhost:3000/users/2
Completed 302 Found in 24ms (ActiveRecord: 2.0ms)


Started GET "/users/2" for 127.0.0.1 at 2019-11-04 17:46:40 +0900
Processing by UsersController#show as HTML
  Parameters: {"id"=>"2"}
  [1m[36mUser Load (0.1ms)[0m  [1m[34mSELECT  "users".* FROM "users" WHERE "users"."id" = ? LIMIT ?[0m  [["id", 2], ["LIMIT", 1]]
  Rendering users/show.html.erb within layouts/application
  Rendered users/show.html.erb within layouts/application (0.8ms)
Completed 200 OK in 19ms (Views: 17.0ms | ActiveRecord: 0.1ms)


Started GET "/users" for 127.0.0.1 at 2019-11-04 17:46:41 +0900
Processing by UsersController#index as HTML
  Rendering users/index.html.erb within layouts/application
  [1m[36mUser Load (0.4ms)[0m  [1m[34mSELECT "users".* FROM "users"[0m
  Rendered users/index.html.erb within layouts/application (3.5ms)
Completed 200 OK in 27ms (Views: 25.1ms | ActiveRecord: 0.4ms)


Started GET "/microposts" for 127.0.0.1 at 2019-11-04 17:47:15 +0900
  
ActionController::RoutingError (uninitialized constant MicropostsController):
  
activesupport (5.1.6) lib/active_support/inflector/methods.rb:269:in `const_get'
activesupport (5.1.6) lib/active_support/inflector/methods.rb:269:in `block in constantize'
activesupport (5.1.6) lib/active_support/inflector/methods.rb:267:in `each'
activesupport (5.1.6) lib/active_support/inflector/methods.rb:267:in `inject'
activesupport (5.1.6) lib/active_support/inflector/methods.rb:267:in `constantize'
actionpack (5.1.6) lib/action_dispatch/http/request.rb:85:in `controller_class_for'
actionpack (5.1.6) lib/action_dispatch/http/request.rb:78:in `controller_class'
actionpack (5.1.6) lib/action_dispatch/routing/route_set.rb:43:in `controller'
actionpack (5.1.6) lib/action_dispatch/routing/route_set.rb:29:in `serve'
actionpack (5.1.6) lib/action_dispatch/journey/router.rb:50:in `block in serve'
actionpack (5.1.6) lib/action_dispatch/journey/router.rb:33:in `each'
actionpack (5.1.6) lib/action_dispatch/journey/router.rb:33:in `serve'
actionpack (5.1.6) lib/action_dispatch/routing/route_set.rb:844:in `call'
rack (2.0.7) lib/rack/etag.rb:25:in `call'
rack (2.0.7) lib/rack/conditional_get.rb:25:in `call'
rack (2.0.7) lib/rack/head.rb:12:in `call'
rack (2.0.7) lib/rack/session/abstract/id.rb:232:in `context'
rack (2.0.7) lib/rack/session/abstract/id.rb:226:in `call'
actionpack (5.1.6) lib/action_dispatch/middleware/cookies.rb:613:in `call'
activerecord (5.1.6) lib/active_record/migration.rb:556:in `call'
actionpack (5.1.6) lib/action_dispatch/middleware/callbacks.rb:26:in `block in call'
activesupport (5.1.6) lib/active_support/callbacks.rb:97:in `run_callbacks'
actionpack (5.1.6) lib/action_dispatch/middleware/callbacks.rb:24:in `call'
actionpack (5.1.6) lib/action_dispatch/middleware/executor.rb:12:in `call'
actionpack (5.1.6) lib/action_dispatch/middleware/debug_exceptions.rb:59:in `call'
web-console (3.5.1) lib/web_console/middleware.rb:135:in `call_app'
web-console (3.5.1) lib/web_console/middleware.rb:28:in `block in call'
web-console (3.5.1) lib/web_console/middleware.rb:18:in `catch'
web-console (3.5.1) lib/web_console/middleware.rb:18:in `call'
actionpack (5.1.6) lib/action_dispatch/middleware/show_exceptions.rb:31:in `call'
railties (5.1.6) lib/rails/rack/logger.rb:36:in `call_app'
railties (5.1.6) lib/rails/rack/logger.rb:24:in `block in call'
activesupport (5.1.6) lib/active_support/tagged_logging.rb:69:in `block in tagged'
activesupport (5.1.6) lib/active_support/tagged_logging.rb:26:in `tagged'
activesupport (5.1.6) lib/active_support/tagged_logging.rb:69:in `tagged'
railties (5.1.6) lib/rails/rack/logger.rb:24:in `call'
sprockets-rails (3.2.1) lib/sprockets/rails/quiet_assets.rb:13:in `call'
actionpack (5.1.6) lib/action_dispatch/middleware/remote_ip.rb:79:in `call'
actionpack (5.1.6) lib/action_dispatch/middleware/request_id.rb:25:in `call'
rack (2.0.7) lib/rack/method_override.rb:22:in `call'
rack (2.0.7) lib/rack/runtime.rb:22:in `call'
activesupport (5.1.6) lib/active_support/cache/strategy/local_cache_middleware.rb:27:in `call'
actionpack (5.1.6) lib/action_dispatch/middleware/executor.rb:12:in `call'
actionpack (5.1.6) lib/action_dispatch/middleware/static.rb:125:in `call'
rack (2.0.7) lib/rack/sendfile.rb:111:in `call'
railties (5.1.6) lib/rails/engine.rb:522:in `call'
puma (3.9.1) lib/puma/configuration.rb:224:in `call'
puma (3.9.1) lib/puma/server.rb:602:in `handle_request'
puma (3.9.1) lib/puma/server.rb:435:in `process_client'
puma (3.9.1) lib/puma/server.rb:299:in `block in run'
puma (3.9.1) lib/puma/thread_pool.rb:120:in `block in spawn_thread'
Started GET "/microposts" for 127.0.0.1 at 2019-11-04 17:47:29 +0900
  [1m[35m (0.1ms)[0m  [1m[34mSELECT "schema_migrations"."version" FROM "schema_migrations" ORDER BY "schema_migrations"."version" ASC[0m
  
ActionController::RoutingError (uninitialized constant MicropostsController):
  
activesupport (5.1.6) lib/active_support/inflector/methods.rb:269:in `const_get'
activesupport (5.1.6) lib/active_support/inflector/methods.rb:269:in `block in constantize'
activesupport (5.1.6) lib/active_support/inflector/methods.rb:267:in `each'
activesupport (5.1.6) lib/active_support/inflector/methods.rb:267:in `inject'
activesupport (5.1.6) lib/active_support/inflector/methods.rb:267:in `constantize'
actionpack (5.1.6) lib/action_dispatch/http/request.rb:85:in `controller_class_for'
actionpack (5.1.6) lib/action_dispatch/http/request.rb:78:in `controller_class'
actionpack (5.1.6) lib/action_dispatch/routing/route_set.rb:43:in `controller'
actionpack (5.1.6) lib/action_dispatch/routing/route_set.rb:29:in `serve'
actionpack (5.1.6) lib/action_dispatch/journey/router.rb:50:in `block in serve'
actionpack (5.1.6) lib/action_dispatch/journey/router.rb:33:in `each'
actionpack (5.1.6) lib/action_dispatch/journey/router.rb:33:in `serve'
actionpack (5.1.6) lib/action_dispatch/routing/route_set.rb:844:in `call'
rack (2.0.7) lib/rack/etag.rb:25:in `call'
rack (2.0.7) lib/rack/conditional_get.rb:25:in `call'
rack (2.0.7) lib/rack/head.rb:12:in `call'
rack (2.0.7) lib/rack/session/abstract/id.rb:232:in `context'
rack (2.0.7) lib/rack/session/abstract/id.rb:226:in `call'
actionpack (5.1.6) lib/action_dispatch/middleware/cookies.rb:613:in `call'
activerecord (5.1.6) lib/active_record/migration.rb:556:in `call'
actionpack (5.1.6) lib/action_dispatch/middleware/callbacks.rb:26:in `block in call'
activesupport (5.1.6) lib/active_support/callbacks.rb:97:in `run_callbacks'
actionpack (5.1.6) lib/action_dispatch/middleware/callbacks.rb:24:in `call'
actionpack (5.1.6) lib/action_dispatch/middleware/executor.rb:12:in `call'
actionpack (5.1.6) lib/action_dispatch/middleware/debug_exceptions.rb:59:in `call'
web-console (3.5.1) lib/web_console/middleware.rb:135:in `call_app'
web-console (3.5.1) lib/web_console/middleware.rb:28:in `block in call'
web-console (3.5.1) lib/web_console/middleware.rb:18:in `catch'
web-console (3.5.1) lib/web_console/middleware.rb:18:in `call'
actionpack (5.1.6) lib/action_dispatch/middleware/show_exceptions.rb:31:in `call'
railties (5.1.6) lib/rails/rack/logger.rb:36:in `call_app'
railties (5.1.6) lib/rails/rack/logger.rb:24:in `block in call'
activesupport (5.1.6) lib/active_support/tagged_logging.rb:69:in `block in tagged'
activesupport (5.1.6) lib/active_support/tagged_logging.rb:26:in `tagged'
activesupport (5.1.6) lib/active_support/tagged_logging.rb:69:in `tagged'
railties (5.1.6) lib/rails/rack/logger.rb:24:in `call'
sprockets-rails (3.2.1) lib/sprockets/rails/quiet_assets.rb:13:in `call'
actionpack (5.1.6) lib/action_dispatch/middleware/remote_ip.rb:79:in `call'
actionpack (5.1.6) lib/action_dispatch/middleware/request_id.rb:25:in `call'
rack (2.0.7) lib/rack/method_override.rb:22:in `call'
rack (2.0.7) lib/rack/runtime.rb:22:in `call'
activesupport (5.1.6) lib/active_support/cache/strategy/local_cache_middleware.rb:27:in `call'
actionpack (5.1.6) lib/action_dispatch/middleware/executor.rb:12:in `call'
actionpack (5.1.6) lib/action_dispatch/middleware/static.rb:125:in `call'
rack (2.0.7) lib/rack/sendfile.rb:111:in `call'
railties (5.1.6) lib/rails/engine.rb:522:in `call'
puma (3.9.1) lib/puma/configuration.rb:224:in `call'
puma (3.9.1) lib/puma/server.rb:602:in `handle_request'
puma (3.9.1) lib/puma/server.rb:435:in `process_client'
puma (3.9.1) lib/puma/server.rb:299:in `block in run'
puma (3.9.1) lib/puma/thread_pool.rb:120:in `block in spawn_thread'
Started GET "/" for 127.0.0.1 at 2019-11-04 17:47:34 +0900
Processing by UsersController#index as HTML
  Rendering users/index.html.erb within layouts/application
  [1m[36mUser Load (0.1ms)[0m  [1m[34mSELECT "users".* FROM "users"[0m
  Rendered users/index.html.erb within layouts/application (10.6ms)
Completed 200 OK in 232ms (Views: 221.2ms | ActiveRecord: 1.1ms)


Started GET "/microposts" for 127.0.0.1 at 2019-11-04 17:47:42 +0900
  
ActionController::RoutingError (uninitialized constant MicropostsController):
  
activesupport (5.1.6) lib/active_support/inflector/methods.rb:269:in `const_get'
activesupport (5.1.6) lib/active_support/inflector/methods.rb:269:in `block in constantize'
activesupport (5.1.6) lib/active_support/inflector/methods.rb:267:in `each'
activesupport (5.1.6) lib/active_support/inflector/methods.rb:267:in `inject'
activesupport (5.1.6) lib/active_support/inflector/methods.rb:267:in `constantize'
actionpack (5.1.6) lib/action_dispatch/http/request.rb:85:in `controller_class_for'
actionpack (5.1.6) lib/action_dispatch/http/request.rb:78:in `controller_class'
actionpack (5.1.6) lib/action_dispatch/routing/route_set.rb:43:in `controller'
actionpack (5.1.6) lib/action_dispatch/routing/route_set.rb:29:in `serve'
actionpack (5.1.6) lib/action_dispatch/journey/router.rb:50:in `block in serve'
actionpack (5.1.6) lib/action_dispatch/journey/router.rb:33:in `each'
actionpack (5.1.6) lib/action_dispatch/journey/router.rb:33:in `serve'
actionpack (5.1.6) lib/action_dispatch/routing/route_set.rb:844:in `call'
rack (2.0.7) lib/rack/etag.rb:25:in `call'
rack (2.0.7) lib/rack/conditional_get.rb:25:in `call'
rack (2.0.7) lib/rack/head.rb:12:in `call'
rack (2.0.7) lib/rack/session/abstract/id.rb:232:in `context'
rack (2.0.7) lib/rack/session/abstract/id.rb:226:in `call'
actionpack (5.1.6) lib/action_dispatch/middleware/cookies.rb:613:in `call'
activerecord (5.1.6) lib/active_record/migration.rb:556:in `call'
actionpack (5.1.6) lib/action_dispatch/middleware/callbacks.rb:26:in `block in call'
activesupport (5.1.6) lib/active_support/callbacks.rb:97:in `run_callbacks'
actionpack (5.1.6) lib/action_dispatch/middleware/callbacks.rb:24:in `call'
actionpack (5.1.6) lib/action_dispatch/middleware/executor.rb:12:in `call'
actionpack (5.1.6) lib/action_dispatch/middleware/debug_exceptions.rb:59:in `call'
web-console (3.5.1) lib/web_console/middleware.rb:135:in `call_app'
web-console (3.5.1) lib/web_console/middleware.rb:28:in `block in call'
web-console (3.5.1) lib/web_console/middleware.rb:18:in `catch'
web-console (3.5.1) lib/web_console/middleware.rb:18:in `call'
actionpack (5.1.6) lib/action_dispatch/middleware/show_exceptions.rb:31:in `call'
railties (5.1.6) lib/rails/rack/logger.rb:36:in `call_app'
railties (5.1.6) lib/rails/rack/logger.rb:24:in `block in call'
activesupport (5.1.6) lib/active_support/tagged_logging.rb:69:in `block in tagged'
activesupport (5.1.6) lib/active_support/tagged_logging.rb:26:in `tagged'
activesupport (5.1.6) lib/active_support/tagged_logging.rb:69:in `tagged'
railties (5.1.6) lib/rails/rack/logger.rb:24:in `call'
sprockets-rails (3.2.1) lib/sprockets/rails/quiet_assets.rb:13:in `call'
actionpack (5.1.6) lib/action_dispatch/middleware/remote_ip.rb:79:in `call'
actionpack (5.1.6) lib/action_dispatch/middleware/request_id.rb:25:in `call'
rack (2.0.7) lib/rack/method_override.rb:22:in `call'
rack (2.0.7) lib/rack/runtime.rb:22:in `call'
activesupport (5.1.6) lib/active_support/cache/strategy/local_cache_middleware.rb:27:in `call'
actionpack (5.1.6) lib/action_dispatch/middleware/executor.rb:12:in `call'
actionpack (5.1.6) lib/action_dispatch/middleware/static.rb:125:in `call'
rack (2.0.7) lib/rack/sendfile.rb:111:in `call'
railties (5.1.6) lib/rails/engine.rb:522:in `call'
puma (3.9.1) lib/puma/configuration.rb:224:in `call'
puma (3.9.1) lib/puma/server.rb:602:in `handle_request'
puma (3.9.1) lib/puma/server.rb:435:in `process_client'
puma (3.9.1) lib/puma/server.rb:299:in `block in run'
puma (3.9.1) lib/puma/thread_pool.rb:120:in `block in spawn_thread'
  [1m[35m (0.1ms)[0m  [1m[34mSELECT "schema_migrations"."version" FROM "schema_migrations" ORDER BY "schema_migrations"."version" ASC[0m
Migrating to CreateMicroposts (20191104084828)
  [1m[35m (0.0ms)[0m  [1m[36mbegin transaction[0m
  [1m[35m (0.1ms)[0m  [1m[34mSELECT sqlite_version(*)[0m
  [1m[35m (0.4ms)[0m  [1m[35mCREATE TABLE "microposts" ("id" INTEGER PRIMARY KEY AUTOINCREMENT NOT NULL, "content" text, "user_id" integer, "created_at" datetime NOT NULL, "updated_at" datetime NOT NULL)[0m
  [1m[35mSQL (0.2ms)[0m  [1m[32mINSERT INTO "schema_migrations" ("version") VALUES (?)[0m  [["version", "20191104084828"]]
  [1m[35m (1.0ms)[0m  [1m[36mcommit transaction[0m
  [1m[36mActiveRecord::InternalMetadata Load (0.5ms)[0m  [1m[34mSELECT  "ar_internal_metadata".* FROM "ar_internal_metadata" WHERE "ar_internal_metadata"."key" = ? LIMIT ?[0m  [["key", "environment"], ["LIMIT", 1]]
  [1m[35m (0.0ms)[0m  [1m[36mbegin transaction[0m
  [1m[35m (0.0ms)[0m  [1m[36mcommit transaction[0m
  [1m[35m (0.1ms)[0m  [1m[34mSELECT "schema_migrations"."version" FROM "schema_migrations" ORDER BY "schema_migrations"."version" ASC[0m
Started GET "/microposts/new" for 127.0.0.1 at 2019-11-04 17:49:44 +0900
  [1m[35m (0.2ms)[0m  [1m[34mSELECT "schema_migrations"."version" FROM "schema_migrations" ORDER BY "schema_migrations"."version" ASC[0m
Processing by MicropostsController#new as HTML
  Rendering microposts/new.html.erb within layouts/application
  Rendered microposts/_form.html.erb (17.3ms)
  Rendered microposts/new.html.erb within layouts/application (19.3ms)
Completed 200 OK in 277ms (Views: 267.2ms | ActiveRecord: 0.4ms)


Started POST "/microposts" for 127.0.0.1 at 2019-11-04 17:49:49 +0900
Processing by MicropostsController#create as HTML
  Parameters: {"utf8"=>"✓", "authenticity_token"=>"PdiZcNgSb63mGWM9qVC/KFHfQ5oYoQpjsdIrHE4GnQSgVC+OCK19fw8DJGlwAjPE0n8rmTsbZQ4NKS1R7NvkBw==", "micropost"=>{"content"=>"fdsas", "user_id"=>"1"}, "commit"=>"Create Micropost"}
  [1m[35m (0.1ms)[0m  [1m[36mbegin transaction[0m
  [1m[35mSQL (0.9ms)[0m  [1m[32mINSERT INTO "microposts" ("content", "user_id", "created_at", "updated_at") VALUES (?, ?, ?, ?)[0m  [["content", "fdsas"], ["user_id", 1], ["created_at", "2019-11-04 08:49:49.852601"], ["updated_at", "2019-11-04 08:49:49.852601"]]
  [1m[35m (1.4ms)[0m  [1m[36mcommit transaction[0m
Redirected to http://localhost:3000/microposts/1
Completed 302 Found in 8ms (ActiveRecord: 3.4ms)


Started GET "/microposts/1" for 127.0.0.1 at 2019-11-04 17:49:49 +0900
Processing by MicropostsController#show as HTML
  Parameters: {"id"=>"1"}
  [1m[36mMicropost Load (0.2ms)[0m  [1m[34mSELECT  "microposts".* FROM "microposts" WHERE "microposts"."id" = ? LIMIT ?[0m  [["id", 1], ["LIMIT", 1]]
  Rendering microposts/show.html.erb within layouts/application
  Rendered microposts/show.html.erb within layouts/application (0.7ms)
Completed 200 OK in 53ms (Views: 46.0ms | ActiveRecord: 0.2ms)


Started GET "/microposts" for 127.0.0.1 at 2019-11-04 17:49:51 +0900
Processing by MicropostsController#index as HTML
  Rendering microposts/index.html.erb within layouts/application
  [1m[36mMicropost Load (0.2ms)[0m  [1m[34mSELECT "microposts".* FROM "microposts"[0m
  Rendered microposts/index.html.erb within layouts/application (3.9ms)
Completed 200 OK in 63ms (Views: 59.4ms | ActiveRecord: 0.2ms)


Started GET "/microposts/new" for 127.0.0.1 at 2019-11-04 17:50:21 +0900
  [1m[35m (0.2ms)[0m  [1m[34mSELECT "schema_migrations"."version" FROM "schema_migrations" ORDER BY "schema_migrations"."version" ASC[0m
Processing by MicropostsController#new as HTML
  Rendering microposts/new.html.erb within layouts/application
  Rendered microposts/_form.html.erb (15.2ms)
  Rendered microposts/new.html.erb within layouts/application (16.9ms)
Completed 200 OK in 198ms (Views: 187.7ms | ActiveRecord: 0.5ms)


Started POST "/microposts" for 127.0.0.1 at 2019-11-04 17:50:33 +0900
Processing by MicropostsController#create as HTML
  Parameters: {"utf8"=>"✓", "authenticity_token"=>"rNiGcfzV93G4im07io/5uv1o/yGdbUh7pzdrSXZ2aNWs2GVbnLTLKKHqs34NMdlxDuSyamsZufyC0W35vb/nKQ==", "micropost"=>{"content"=>"aaaaaaaaaaaaaaaaaaaaaaaaaaaaaaaaaaaaaaaaaaaaaaaaaaaaaaaaaaaaaaaaaaaaaaaaaaaaaaaaaaaaaaaaaaaaaaaaaaaaaaaaaaaaaaaaaaaaaaaaaaaaaaaaaaaaaaaaaaaaaaaaaaaaaaaaaaaaaaaaaaaaaaaaaaaaaaaaaaaaaaaaaaaaaaaaaaaaaaaaaaaaaaaaaaaaaaaaaaaaaaaaaaaaaaaaaaaaaaaaaaaaaaaaaaaaaaaaaaaaaaaaaaaaaaaaaaaaaaaaaaaaaaaaaaaaaaaaaaaaaaaaaaaaaaaaaaaaaaaaaaaaaaaaaaaaaaaaaaaaaaaaaaaaaaaaaaa", "user_id"=>""}, "commit"=>"Create Micropost"}
  [1m[35m (0.1ms)[0m  [1m[36mbegin transaction[0m
  [1m[35mSQL (0.6ms)[0m  [1m[32mINSERT INTO "microposts" ("content", "created_at", "updated_at") VALUES (?, ?, ?)[0m  [["content", "aaaaaaaaaaaaaaaaaaaaaaaaaaaaaaaaaaaaaaaaaaaaaaaaaaaaaaaaaaaaaaaaaaaaaaaaaaaaaaaaaaaaaaaaaaaaaaaaaaaaaaaaaaaaaaaaaaaaaaaaaaaaaaaaaaaaaaaaaaaaaaaaaaaaaaaaaaaaaaaaaaaaaaaaaaaaaaaaaaaaaaaaaaaaaaaaaaaaaaaaaaaaaaaaaaaaaaaaaaaaaaaaaaaaaaaaaaaaaaaaaaaaaaaaaaaaaaaaaaaaaaaaaaaaaaaaaaaaaaaaaaaaaaaaaaaaaaaaaaaaaaaaaaaaaaaaaaaaaaaaaaaaaaaaaaaaaaaaaaaaaaaaaaaaaaaaaaa"], ["created_at", "2019-11-04 08:50:33.707619"], ["updated_at", "2019-11-04 08:50:33.707619"]]
  [1m[35m (1.1ms)[0m  [1m[36mcommit transaction[0m
Redirected to http://localhost:3000/microposts/2
Completed 302 Found in 7ms (ActiveRecord: 2.2ms)


Started GET "/microposts/2" for 127.0.0.1 at 2019-11-04 17:50:33 +0900
Processing by MicropostsController#show as HTML
  Parameters: {"id"=>"2"}
  [1m[36mMicropost Load (0.2ms)[0m  [1m[34mSELECT  "microposts".* FROM "microposts" WHERE "microposts"."id" = ? LIMIT ?[0m  [["id", 2], ["LIMIT", 1]]
  Rendering microposts/show.html.erb within layouts/application
  Rendered microposts/show.html.erb within layouts/application (0.7ms)
Completed 200 OK in 45ms (Views: 38.8ms | ActiveRecord: 0.2ms)


Started GET "/microposts" for 127.0.0.1 at 2019-11-04 17:50:43 +0900
Processing by MicropostsController#index as HTML
  Rendering microposts/index.html.erb within layouts/application
  [1m[36mMicropost Load (0.2ms)[0m  [1m[34mSELECT "microposts".* FROM "microposts"[0m
  Rendered microposts/index.html.erb within layouts/application (3.4ms)
Completed 200 OK in 65ms (Views: 61.9ms | ActiveRecord: 0.2ms)


Started DELETE "/microposts/2" for 127.0.0.1 at 2019-11-04 17:50:47 +0900
Processing by MicropostsController#destroy as HTML
  Parameters: {"authenticity_token"=>"BhRuQW70IdT2jtII+cEgptXsZh6+rlGkSi9Uzddbq8ybmNi/vkszBh+UlVwgk6xKVkwOHZ0UPsn21FKAdYbSzw==", "id"=>"2"}
  [1m[36mMicropost Load (0.2ms)[0m  [1m[34mSELECT  "microposts".* FROM "microposts" WHERE "microposts"."id" = ? LIMIT ?[0m  [["id", 2], ["LIMIT", 1]]
  [1m[35m (0.0ms)[0m  [1m[36mbegin transaction[0m
  [1m[35mSQL (0.4ms)[0m  [1m[31mDELETE FROM "microposts" WHERE "microposts"."id" = ?[0m  [["id", 2]]
  [1m[35m (0.9ms)[0m  [1m[36mcommit transaction[0m
Redirected to http://localhost:3000/microposts
Completed 302 Found in 4ms (ActiveRecord: 1.6ms)


Started GET "/microposts" for 127.0.0.1 at 2019-11-04 17:50:47 +0900
Processing by MicropostsController#index as HTML
  Rendering microposts/index.html.erb within layouts/application
  [1m[36mMicropost Load (0.3ms)[0m  [1m[34mSELECT "microposts".* FROM "microposts"[0m
  Rendered microposts/index.html.erb within layouts/application (2.2ms)
Completed 200 OK in 25ms (Views: 23.9ms | ActiveRecord: 0.3ms)


Started GET "/microposts/new" for 127.0.0.1 at 2019-11-04 17:52:26 +0900
  [1m[35m (0.1ms)[0m  [1m[34mSELECT "schema_migrations"."version" FROM "schema_migrations" ORDER BY "schema_migrations"."version" ASC[0m
Processing by MicropostsController#new as HTML
  Rendering microposts/new.html.erb within layouts/application
  Rendered microposts/_form.html.erb (13.7ms)
  Rendered microposts/new.html.erb within layouts/application (15.5ms)
Completed 200 OK in 220ms (Views: 208.2ms | ActiveRecord: 0.4ms)


Started POST "/microposts" for 127.0.0.1 at 2019-11-04 17:52:28 +0900
Processing by MicropostsController#create as HTML
  Parameters: {"utf8"=>"✓", "authenticity_token"=>"ppKUHn4MYpjhM8DuizlSL/ElRJO2pr6OS8cqDwczMUg7HiLgrrNwSggph7pSa97DcoUskJUc0eP3PCxCpe5ISw==", "micropost"=>{"content"=>"", "user_id"=>""}, "commit"=>"Create Micropost"}
  [1m[35m (0.1ms)[0m  [1m[36mbegin transaction[0m
  [1m[35mSQL (0.6ms)[0m  [1m[32mINSERT INTO "microposts" ("content", "created_at", "updated_at") VALUES (?, ?, ?)[0m  [["content", ""], ["created_at", "2019-11-04 08:52:28.668372"], ["updated_at", "2019-11-04 08:52:28.668372"]]
  [1m[35m (8.0ms)[0m  [1m[36mcommit transaction[0m
Redirected to http://localhost:3000/microposts/3
Completed 302 Found in 14ms (ActiveRecord: 8.9ms)


Started GET "/microposts/3" for 127.0.0.1 at 2019-11-04 17:52:28 +0900
Processing by MicropostsController#show as HTML
  Parameters: {"id"=>"3"}
  [1m[36mMicropost Load (0.2ms)[0m  [1m[34mSELECT  "microposts".* FROM "microposts" WHERE "microposts"."id" = ? LIMIT ?[0m  [["id", 3], ["LIMIT", 1]]
  Rendering microposts/show.html.erb within layouts/application
  Rendered microposts/show.html.erb within layouts/application (0.8ms)
Completed 200 OK in 27ms (Views: 22.6ms | ActiveRecord: 0.2ms)


Started GET "/microposts" for 127.0.0.1 at 2019-11-04 17:52:30 +0900
Processing by MicropostsController#index as HTML
  Rendering microposts/index.html.erb within layouts/application
  [1m[36mMicropost Load (0.3ms)[0m  [1m[34mSELECT "microposts".* FROM "microposts"[0m
  Rendered microposts/index.html.erb within layouts/application (5.1ms)
Completed 200 OK in 51ms (Views: 48.4ms | ActiveRecord: 0.3ms)


Started DELETE "/microposts/3" for 127.0.0.1 at 2019-11-04 17:52:32 +0900
Processing by MicropostsController#destroy as HTML
  Parameters: {"authenticity_token"=>"sStlFWmdOF7Kt5SOazvxs1A43XPwODNjkVfOe1rPmissp9PruSIqjCOt09qyaX1f05i1cNOCXA4trMg2+BLjKA==", "id"=>"3"}
  [1m[36mMicropost Load (0.2ms)[0m  [1m[34mSELECT  "microposts".* FROM "microposts" WHERE "microposts"."id" = ? LIMIT ?[0m  [["id", 3], ["LIMIT", 1]]
  [1m[35m (0.1ms)[0m  [1m[36mbegin transaction[0m
  [1m[35mSQL (0.7ms)[0m  [1m[31mDELETE FROM "microposts" WHERE "microposts"."id" = ?[0m  [["id", 3]]
  [1m[35m (1.4ms)[0m  [1m[36mcommit transaction[0m
Redirected to http://localhost:3000/microposts
Completed 302 Found in 8ms (ActiveRecord: 2.3ms)


Started GET "/microposts" for 127.0.0.1 at 2019-11-04 17:52:32 +0900
Processing by MicropostsController#index as HTML
  Rendering microposts/index.html.erb within layouts/application
  [1m[36mMicropost Load (0.2ms)[0m  [1m[34mSELECT "microposts".* FROM "microposts"[0m
  Rendered microposts/index.html.erb within layouts/application (4.4ms)
Completed 200 OK in 55ms (Views: 53.0ms | ActiveRecord: 0.2ms)


Started GET "/microposts/new" for 127.0.0.1 at 2019-11-04 17:53:33 +0900
Processing by MicropostsController#new as HTML
  Rendering microposts/new.html.erb within layouts/application
  Rendered microposts/_form.html.erb (2.0ms)
  Rendered microposts/new.html.erb within layouts/application (3.1ms)
Completed 200 OK in 29ms (Views: 19.8ms | ActiveRecord: 0.7ms)


Started POST "/microposts" for 127.0.0.1 at 2019-11-04 17:53:35 +0900
Processing by MicropostsController#create as HTML
  Parameters: {"utf8"=>"✓", "authenticity_token"=>"SHro6+nP8kRSxRV9NABYJ4+3MC7vxYxbu3wMKnT0Nr9IegvBia7OHUulyzizvnjsfDt9ZRmxfdyemgqavz25Qw==", "micropost"=>{"content"=>"", "user_id"=>""}, "commit"=>"Create Micropost"}
  [1m[35m (0.1ms)[0m  [1m[36mbegin transaction[0m
  [1m[35mSQL (0.9ms)[0m  [1m[32mINSERT INTO "microposts" ("content", "created_at", "updated_at") VALUES (?, ?, ?)[0m  [["content", ""], ["created_at", "2019-11-04 08:53:35.243676"], ["updated_at", "2019-11-04 08:53:35.243676"]]
  [1m[35m (1.3ms)[0m  [1m[36mcommit transaction[0m
Redirected to http://localhost:3000/microposts/4
Completed 302 Found in 9ms (ActiveRecord: 2.4ms)


Started GET "/microposts/4" for 127.0.0.1 at 2019-11-04 17:53:35 +0900
Processing by MicropostsController#show as HTML
  Parameters: {"id"=>"4"}
  [1m[36mMicropost Load (0.2ms)[0m  [1m[34mSELECT  "microposts".* FROM "microposts" WHERE "microposts"."id" = ? LIMIT ?[0m  [["id", 4], ["LIMIT", 1]]
  Rendering microposts/show.html.erb within layouts/application
  Rendered microposts/show.html.erb within layouts/application (0.8ms)
Completed 200 OK in 26ms (Views: 23.1ms | ActiveRecord: 0.2ms)


Started GET "/microposts" for 127.0.0.1 at 2019-11-04 17:53:36 +0900
Processing by MicropostsController#index as HTML
  Rendering microposts/index.html.erb within layouts/application
  [1m[36mMicropost Load (0.3ms)[0m  [1m[34mSELECT "microposts".* FROM "microposts"[0m
  Rendered microposts/index.html.erb within layouts/application (3.0ms)
Completed 200 OK in 30ms (Views: 28.6ms | ActiveRecord: 0.3ms)


Started DELETE "/microposts/4" for 127.0.0.1 at 2019-11-04 17:53:38 +0900
Processing by MicropostsController#destroy as HTML
  Parameters: {"authenticity_token"=>"p4m84i88OCqJPvSFD+HyGvj0pXNU8rVFFXub4MfM+1M6BQoc/4Mq+GAks9HWs372e1TNcHdI2iipgJ2tZRGCUA==", "id"=>"4"}
  [1m[36mMicropost Load (0.2ms)[0m  [1m[34mSELECT  "microposts".* FROM "microposts" WHERE "microposts"."id" = ? LIMIT ?[0m  [["id", 4], ["LIMIT", 1]]
  [1m[35m (0.1ms)[0m  [1m[36mbegin transaction[0m
  [1m[35mSQL (0.5ms)[0m  [1m[31mDELETE FROM "microposts" WHERE "microposts"."id" = ?[0m  [["id", 4]]
  [1m[35m (6.8ms)[0m  [1m[36mcommit transaction[0m
Redirected to http://localhost:3000/microposts
Completed 302 Found in 11ms (ActiveRecord: 7.6ms)


Started GET "/microposts" for 127.0.0.1 at 2019-11-04 17:53:38 +0900
Processing by MicropostsController#index as HTML
  Rendering microposts/index.html.erb within layouts/application
  [1m[36mMicropost Load (0.3ms)[0m  [1m[34mSELECT "microposts".* FROM "microposts"[0m
  Rendered microposts/index.html.erb within layouts/application (2.5ms)
Completed 200 OK in 27ms (Views: 24.6ms | ActiveRecord: 0.3ms)


Started GET "/microposts" for 127.0.0.1 at 2019-11-04 17:53:48 +0900
  [1m[35m (0.2ms)[0m  [1m[34mSELECT "schema_migrations"."version" FROM "schema_migrations" ORDER BY "schema_migrations"."version" ASC[0m
Processing by MicropostsController#index as HTML
  Rendering microposts/index.html.erb within layouts/application
  [1m[36mMicropost Load (0.2ms)[0m  [1m[34mSELECT "microposts".* FROM "microposts"[0m
  Rendered microposts/index.html.erb within layouts/application (8.9ms)
Completed 200 OK in 190ms (Views: 182.6ms | ActiveRecord: 1.0ms)


Started GET "/microposts/new" for 127.0.0.1 at 2019-11-04 17:53:51 +0900
Processing by MicropostsController#new as HTML
  Rendering microposts/new.html.erb within layouts/application
  Rendered microposts/_form.html.erb (16.2ms)
  Rendered microposts/new.html.erb within layouts/application (18.5ms)
Completed 200 OK in 44ms (Views: 41.3ms | ActiveRecord: 0.0ms)


Started POST "/microposts" for 127.0.0.1 at 2019-11-04 17:53:52 +0900
Processing by MicropostsController#create as HTML
  Parameters: {"utf8"=>"✓", "authenticity_token"=>"P0FICGPQimPfvxOHbYOkInpF9I0KiYv659JP4KusoWE/QasiA7G2OsbfzcLqPYTpicm5xvz9en3CNElQYGUunQ==", "micropost"=>{"content"=>"", "user_id"=>""}, "commit"=>"Create Micropost"}
  [1m[35m (0.0ms)[0m  [1m[36mbegin transaction[0m
  [1m[35mSQL (0.7ms)[0m  [1m[32mINSERT INTO "microposts" ("content", "created_at", "updated_at") VALUES (?, ?, ?)[0m  [["content", ""], ["created_at", "2019-11-04 08:53:52.174843"], ["updated_at", "2019-11-04 08:53:52.174843"]]
  [1m[35m (8.3ms)[0m  [1m[36mcommit transaction[0m
Redirected to http://localhost:3000/microposts/5
Completed 302 Found in 14ms (ActiveRecord: 9.3ms)


Started GET "/microposts/5" for 127.0.0.1 at 2019-11-04 17:53:52 +0900
Processing by MicropostsController#show as HTML
  Parameters: {"id"=>"5"}
  [1m[36mMicropost Load (0.4ms)[0m  [1m[34mSELECT  "microposts".* FROM "microposts" WHERE "microposts"."id" = ? LIMIT ?[0m  [["id", 5], ["LIMIT", 1]]
  Rendering microposts/show.html.erb within layouts/application
  Rendered microposts/show.html.erb within layouts/application (1.0ms)
Completed 200 OK in 41ms (Views: 31.2ms | ActiveRecord: 0.4ms)


Started GET "/microposts" for 127.0.0.1 at 2019-11-04 17:53:53 +0900
Processing by MicropostsController#index as HTML
  Rendering microposts/index.html.erb within layouts/application
  [1m[36mMicropost Load (0.2ms)[0m  [1m[34mSELECT "microposts".* FROM "microposts"[0m
  Rendered microposts/index.html.erb within layouts/application (2.7ms)
Completed 200 OK in 62ms (Views: 58.2ms | ActiveRecord: 0.2ms)


Started DELETE "/microposts/5" for 127.0.0.1 at 2019-11-04 17:53:55 +0900
Processing by MicropostsController#destroy as HTML
  Parameters: {"authenticity_token"=>"lw7ZOs/5Af89DIMemgtI01Lc0VwfjB7MmAytpzmC/n4Kgm/EH0YTLdQWxEpDWcQ/0Xy5Xzw2caEk96vqm1+HfQ==", "id"=>"5"}
  [1m[36mMicropost Load (0.1ms)[0m  [1m[34mSELECT  "microposts".* FROM "microposts" WHERE "microposts"."id" = ? LIMIT ?[0m  [["id", 5], ["LIMIT", 1]]
  [1m[35m (0.0ms)[0m  [1m[36mbegin transaction[0m
  [1m[35mSQL (0.9ms)[0m  [1m[31mDELETE FROM "microposts" WHERE "microposts"."id" = ?[0m  [["id", 5]]
  [1m[35m (1.3ms)[0m  [1m[36mcommit transaction[0m
Redirected to http://localhost:3000/microposts
Completed 302 Found in 5ms (ActiveRecord: 2.4ms)


Started GET "/microposts" for 127.0.0.1 at 2019-11-04 17:53:55 +0900
Processing by MicropostsController#index as HTML
  Rendering microposts/index.html.erb within layouts/application
  [1m[36mMicropost Load (0.2ms)[0m  [1m[34mSELECT "microposts".* FROM "microposts"[0m
  Rendered microposts/index.html.erb within layouts/application (1.4ms)
Completed 200 OK in 23ms (Views: 22.1ms | ActiveRecord: 0.2ms)


Started GET "/users" for 127.0.0.1 at 2019-11-04 17:54:08 +0900
Processing by UsersController#index as HTML
  Rendering users/index.html.erb within layouts/application
  [1m[36mUser Load (0.2ms)[0m  [1m[34mSELECT "users".* FROM "users"[0m
  Rendered users/index.html.erb within layouts/application (9.8ms)
Completed 200 OK in 43ms (Views: 31.1ms | ActiveRecord: 1.7ms)


Started GET "/users/2/edit" for 127.0.0.1 at 2019-11-04 17:54:10 +0900
Processing by UsersController#edit as HTML
  Parameters: {"id"=>"2"}
  [1m[36mUser Load (0.2ms)[0m  [1m[34mSELECT  "users".* FROM "users" WHERE "users"."id" = ? LIMIT ?[0m  [["id", 2], ["LIMIT", 1]]
  Rendering users/edit.html.erb within layouts/application
  Rendered users/_form.html.erb (3.3ms)
  Rendered users/edit.html.erb within layouts/application (6.2ms)
Completed 200 OK in 39ms (Views: 34.9ms | ActiveRecord: 0.2ms)


Started PATCH "/users/2" for 127.0.0.1 at 2019-11-04 17:54:13 +0900
Processing by UsersController#update as HTML
  Parameters: {"utf8"=>"✓", "authenticity_token"=>"3nlzVgEiAkrqU2xIN9ElaSwws6oUDh66sBANgUJ6Gh84TeWqVdeydaIQZCX6ev7ziSufkSS7pNG8/GF9sMD79A==", "user"=>{"name"=>"", "email"=>"fdfwf"}, "commit"=>"Update User", "id"=>"2"}
  [1m[36mUser Load (0.2ms)[0m  [1m[34mSELECT  "users".* FROM "users" WHERE "users"."id" = ? LIMIT ?[0m  [["id", 2], ["LIMIT", 1]]
  [1m[35m (0.1ms)[0m  [1m[36mbegin transaction[0m
  [1m[35m (0.6ms)[0m  [1m[31mrollback transaction[0m
  Rendering users/edit.html.erb within layouts/application
  Rendered users/_form.html.erb (3.4ms)
  Rendered users/edit.html.erb within layouts/application (6.6ms)
Completed 200 OK in 42ms (Views: 35.2ms | ActiveRecord: 0.9ms)


Started PATCH "/users/2" for 127.0.0.1 at 2019-11-04 17:54:19 +0900
Processing by UsersController#update as HTML
  Parameters: {"utf8"=>"✓", "authenticity_token"=>"vjg3X/pVH7MXRRj/lypsUrXMAt3Lc0qycABCd+MkghUjtIGhKuoNYf5fX6tOeOC+Nmxq3ujJJd/M+0Q6Qfn7Fg==", "user"=>{"name"=>"aaa", "email"=>""}, "commit"=>"Update User", "id"=>"2"}
  [1m[36mUser Load (0.6ms)[0m  [1m[34mSELECT  "users".* FROM "users" WHERE "users"."id" = ? LIMIT ?[0m  [["id", 2], ["LIMIT", 1]]
  [1m[35m (0.1ms)[0m  [1m[36mbegin transaction[0m
  [1m[35m (0.1ms)[0m  [1m[31mrollback transaction[0m
  Rendering users/edit.html.erb within layouts/application
  Rendered users/_form.html.erb (3.1ms)
  Rendered users/edit.html.erb within layouts/application (4.7ms)
Completed 200 OK in 39ms (Views: 34.6ms | ActiveRecord: 0.7ms)


Started GET "/users" for 127.0.0.1 at 2019-11-04 17:54:21 +0900
Processing by UsersController#index as HTML
  Rendering users/index.html.erb within layouts/application
  [1m[36mUser Load (0.2ms)[0m  [1m[34mSELECT "users".* FROM "users"[0m
  Rendered users/index.html.erb within layouts/application (2.8ms)
Completed 200 OK in 31ms (Views: 29.3ms | ActiveRecord: 0.2ms)


Started GET "/microposts" for 127.0.0.1 at 2019-11-04 17:54:35 +0900
Processing by MicropostsController#index as HTML
  Rendering microposts/index.html.erb within layouts/application
  [1m[36mMicropost Load (0.3ms)[0m  [1m[34mSELECT "microposts".* FROM "microposts"[0m
  Rendered microposts/index.html.erb within layouts/application (2.3ms)
Completed 200 OK in 27ms (Views: 25.0ms | ActiveRecord: 0.3ms)


Started GET "/microposts/new" for 127.0.0.1 at 2019-11-04 17:54:37 +0900
Processing by MicropostsController#new as HTML
  Rendering microposts/new.html.erb within layouts/application
  Rendered microposts/_form.html.erb (3.5ms)
  Rendered microposts/new.html.erb within layouts/application (6.4ms)
Completed 200 OK in 35ms (Views: 33.2ms | ActiveRecord: 0.0ms)


Started POST "/microposts" for 127.0.0.1 at 2019-11-04 17:54:39 +0900
Processing by MicropostsController#create as HTML
  Parameters: {"utf8"=>"✓", "authenticity_token"=>"d2iJLeUHaYlTqXJV4LItmDUEekMsW5YaMTXCNqAnAI53aGoHhWZV0ErJrBBnDA1Txog3CNovZ50U08SGa+6Pcg==", "micropost"=>{"content"=>"", "user_id"=>""}, "commit"=>"Create Micropost"}
  [1m[35m (0.1ms)[0m  [1m[36mbegin transaction[0m
  [1m[35mSQL (0.7ms)[0m  [1m[32mINSERT INTO "microposts" ("content", "created_at", "updated_at") VALUES (?, ?, ?)[0m  [["content", ""], ["created_at", "2019-11-04 08:54:39.880771"], ["updated_at", "2019-11-04 08:54:39.880771"]]
  [1m[35m (1.5ms)[0m  [1m[36mcommit transaction[0m
Redirected to http://localhost:3000/microposts/6
Completed 302 Found in 8ms (ActiveRecord: 2.3ms)


Started GET "/microposts/6" for 127.0.0.1 at 2019-11-04 17:54:39 +0900
Processing by MicropostsController#show as HTML
  Parameters: {"id"=>"6"}
  [1m[36mMicropost Load (0.2ms)[0m  [1m[34mSELECT  "microposts".* FROM "microposts" WHERE "microposts"."id" = ? LIMIT ?[0m  [["id", 6], ["LIMIT", 1]]
  Rendering microposts/show.html.erb within layouts/application
  Rendered microposts/show.html.erb within layouts/application (0.9ms)
Completed 200 OK in 28ms (Views: 25.5ms | ActiveRecord: 0.2ms)


Started GET "/microposts" for 127.0.0.1 at 2019-11-04 17:54:40 +0900
Processing by MicropostsController#index as HTML
  Rendering microposts/index.html.erb within layouts/application
  [1m[36mMicropost Load (0.2ms)[0m  [1m[34mSELECT "microposts".* FROM "microposts"[0m
  Rendered microposts/index.html.erb within layouts/application (3.6ms)
Completed 200 OK in 33ms (Views: 31.7ms | ActiveRecord: 0.2ms)


Started DELETE "/microposts/6" for 127.0.0.1 at 2019-11-04 17:54:42 +0900
Processing by MicropostsController#destroy as HTML
  Parameters: {"authenticity_token"=>"leW8YU3xLtfY9Vq92v6lZ44Mp9f7prptLdmQaxlLrm4IaQqfnU48BTHvHekDrCmLDazP1Ngc1QCRIpYmu5bXbQ==", "id"=>"6"}
  [1m[36mMicropost Load (0.1ms)[0m  [1m[34mSELECT  "microposts".* FROM "microposts" WHERE "microposts"."id" = ? LIMIT ?[0m  [["id", 6], ["LIMIT", 1]]
  [1m[35m (0.0ms)[0m  [1m[36mbegin transaction[0m
  [1m[35mSQL (0.4ms)[0m  [1m[31mDELETE FROM "microposts" WHERE "microposts"."id" = ?[0m  [["id", 6]]
  [1m[35m (1.2ms)[0m  [1m[36mcommit transaction[0m
Redirected to http://localhost:3000/microposts
Completed 302 Found in 30ms (ActiveRecord: 1.8ms)


Started GET "/microposts" for 127.0.0.1 at 2019-11-04 17:54:42 +0900
Processing by MicropostsController#index as HTML
  Rendering microposts/index.html.erb within layouts/application
  [1m[36mMicropost Load (0.2ms)[0m  [1m[34mSELECT "microposts".* FROM "microposts"[0m
  Rendered microposts/index.html.erb within layouts/application (1.7ms)
Completed 200 OK in 26ms (Views: 24.5ms | ActiveRecord: 0.2ms)


Started GET "/microposts/new" for 127.0.0.1 at 2019-11-04 17:55:24 +0900
  [1m[35m (0.1ms)[0m  [1m[34mSELECT "schema_migrations"."version" FROM "schema_migrations" ORDER BY "schema_migrations"."version" ASC[0m
Processing by MicropostsController#new as HTML
  Rendering microposts/new.html.erb within layouts/application
  Rendered microposts/_form.html.erb (12.0ms)
  Rendered microposts/new.html.erb within layouts/application (13.7ms)
Completed 200 OK in 191ms (Views: 180.6ms | ActiveRecord: 0.5ms)


Started POST "/microposts" for 127.0.0.1 at 2019-11-04 17:55:27 +0900
Processing by MicropostsController#create as HTML
  Parameters: {"utf8"=>"✓", "authenticity_token"=>"E7RLtyD1OU3Cljm840T0H+cd130WNk8AckxyXbBBw2ITtKidQJQFFNv25/lk+tTUFJGaNuBCvodXqnTte4hMng==", "micropost"=>{"content"=>"", "user_id"=>""}, "commit"=>"Create Micropost"}
  [1m[35m (0.0ms)[0m  [1m[36mbegin transaction[0m
  [1m[35mSQL (0.8ms)[0m  [1m[32mINSERT INTO "microposts" ("content", "created_at", "updated_at") VALUES (?, ?, ?)[0m  [["content", ""], ["created_at", "2019-11-04 08:55:27.283507"], ["updated_at", "2019-11-04 08:55:27.283507"]]
  [1m[35m (1.1ms)[0m  [1m[36mcommit transaction[0m
Redirected to http://localhost:3000/microposts/7
Completed 302 Found in 7ms (ActiveRecord: 2.3ms)


Started GET "/microposts/7" for 127.0.0.1 at 2019-11-04 17:55:27 +0900
Processing by MicropostsController#show as HTML
  Parameters: {"id"=>"7"}
  [1m[36mMicropost Load (0.2ms)[0m  [1m[34mSELECT  "microposts".* FROM "microposts" WHERE "microposts"."id" = ? LIMIT ?[0m  [["id", 7], ["LIMIT", 1]]
  Rendering microposts/show.html.erb within layouts/application
  Rendered microposts/show.html.erb within layouts/application (0.9ms)
Completed 200 OK in 29ms (Views: 22.3ms | ActiveRecord: 0.2ms)


Started GET "/microposts" for 127.0.0.1 at 2019-11-04 17:55:28 +0900
Processing by MicropostsController#index as HTML
  Rendering microposts/index.html.erb within layouts/application
  [1m[36mMicropost Load (0.3ms)[0m  [1m[34mSELECT "microposts".* FROM "microposts"[0m
  Rendered microposts/index.html.erb within layouts/application (5.5ms)
Completed 200 OK in 49ms (Views: 45.7ms | ActiveRecord: 0.3ms)


Started DELETE "/microposts/7" for 127.0.0.1 at 2019-11-04 17:55:30 +0900
Processing by MicropostsController#destroy as HTML
  Parameters: {"authenticity_token"=>"ckihs0EALAoqY+qvgRc1aVaidhDtXAWcCMdgNWe8A9rvxBdNkb8+2MN5rftYRbmF1QIeE87mavG0PGZ4xWF62Q==", "id"=>"7"}
  [1m[36mMicropost Load (0.1ms)[0m  [1m[34mSELECT  "microposts".* FROM "microposts" WHERE "microposts"."id" = ? LIMIT ?[0m  [["id", 7], ["LIMIT", 1]]
  [1m[35m (0.1ms)[0m  [1m[36mbegin transaction[0m
  [1m[35mSQL (0.8ms)[0m  [1m[31mDELETE FROM "microposts" WHERE "microposts"."id" = ?[0m  [["id", 7]]
  [1m[35m (1.0ms)[0m  [1m[36mcommit transaction[0m
Redirected to http://localhost:3000/microposts
Completed 302 Found in 7ms (ActiveRecord: 2.0ms)


Started GET "/microposts" for 127.0.0.1 at 2019-11-04 17:55:30 +0900
Processing by MicropostsController#index as HTML
  Rendering microposts/index.html.erb within layouts/application
  [1m[36mMicropost Load (0.2ms)[0m  [1m[34mSELECT "microposts".* FROM "microposts"[0m
  Rendered microposts/index.html.erb within layouts/application (2.3ms)
Completed 200 OK in 60ms (Views: 57.9ms | ActiveRecord: 0.2ms)


Started GET "/microposts" for 127.0.0.1 at 2019-11-04 17:56:01 +0900
Started GET "/microposts" for 127.0.0.1 at 2019-11-04 17:56:15 +0900
  [1m[35m (0.1ms)[0m  [1m[34mSELECT "schema_migrations"."version" FROM "schema_migrations" ORDER BY "schema_migrations"."version" ASC[0m
Processing by MicropostsController#index as HTML
  Rendering microposts/index.html.erb within layouts/application
  [1m[36mMicropost Load (0.1ms)[0m  [1m[34mSELECT "microposts".* FROM "microposts"[0m
  Rendered microposts/index.html.erb within layouts/application (9.8ms)
Completed 200 OK in 195ms (Views: 188.2ms | ActiveRecord: 0.8ms)


Started GET "/microposts/new" for 127.0.0.1 at 2019-11-04 17:56:17 +0900
Processing by MicropostsController#new as HTML
  Rendering microposts/new.html.erb within layouts/application
  Rendered microposts/_form.html.erb (18.2ms)
  Rendered microposts/new.html.erb within layouts/application (20.0ms)
Completed 200 OK in 43ms (Views: 41.9ms | ActiveRecord: 0.0ms)


Started POST "/microposts" for 127.0.0.1 at 2019-11-04 17:56:18 +0900
Processing by MicropostsController#create as HTML
  Parameters: {"utf8"=>"✓", "authenticity_token"=>"vkTcGet9OtXogAnO2ilbeomsWVHHZryBXbmzvNfqlNm+RD8zixwGjPHg14tdl3uxeiAUGjESTQZ4X7UMHCMbJQ==", "micropost"=>{"content"=>"", "user_id"=>""}, "commit"=>"Create Micropost"}
  [1m[35m (0.1ms)[0m  [1m[36mbegin transaction[0m
  [1m[35mSQL (0.8ms)[0m  [1m[32mINSERT INTO "microposts" ("content", "created_at", "updated_at") VALUES (?, ?, ?)[0m  [["content", ""], ["created_at", "2019-11-04 08:56:18.631180"], ["updated_at", "2019-11-04 08:56:18.631180"]]
  [1m[35m (7.6ms)[0m  [1m[36mcommit transaction[0m
Redirected to http://localhost:3000/microposts/8
Completed 302 Found in 15ms (ActiveRecord: 8.9ms)


Started GET "/microposts/8" for 127.0.0.1 at 2019-11-04 17:56:18 +0900
Processing by MicropostsController#show as HTML
  Parameters: {"id"=>"8"}
  [1m[36mMicropost Load (0.2ms)[0m  [1m[34mSELECT  "microposts".* FROM "microposts" WHERE "microposts"."id" = ? LIMIT ?[0m  [["id", 8], ["LIMIT", 1]]
  Rendering microposts/show.html.erb within layouts/application
  Rendered microposts/show.html.erb within layouts/application (0.7ms)
Completed 200 OK in 46ms (Views: 42.5ms | ActiveRecord: 0.2ms)


Started GET "/microposts" for 127.0.0.1 at 2019-11-04 17:56:19 +0900
Processing by MicropostsController#index as HTML
  Rendering microposts/index.html.erb within layouts/application
  [1m[36mMicropost Load (0.2ms)[0m  [1m[34mSELECT "microposts".* FROM "microposts"[0m
  Rendered microposts/index.html.erb within layouts/application (3.1ms)
Completed 200 OK in 57ms (Views: 54.2ms | ActiveRecord: 0.2ms)


Started DELETE "/microposts/8" for 127.0.0.1 at 2019-11-04 17:56:21 +0900
Processing by MicropostsController#destroy as HTML
  Parameters: {"authenticity_token"=>"8TZAXlojwYcNYEr1rNos6VfFAoSmTXVGBw1AMGsrf5dsuvagipzTVeR6DaF1iKAF1GVqh4X3Giu79kZ9yfYGlA==", "id"=>"8"}
  [1m[36mMicropost Load (0.2ms)[0m  [1m[34mSELECT  "microposts".* FROM "microposts" WHERE "microposts"."id" = ? LIMIT ?[0m  [["id", 8], ["LIMIT", 1]]
  [1m[35m (0.1ms)[0m  [1m[36mbegin transaction[0m
  [1m[35mSQL (0.6ms)[0m  [1m[31mDELETE FROM "microposts" WHERE "microposts"."id" = ?[0m  [["id", 8]]
  [1m[35m (0.9ms)[0m  [1m[36mcommit transaction[0m
Redirected to http://localhost:3000/microposts
Completed 302 Found in 8ms (ActiveRecord: 1.7ms)


Started GET "/microposts" for 127.0.0.1 at 2019-11-04 17:56:21 +0900
Processing by MicropostsController#index as HTML
  Rendering microposts/index.html.erb within layouts/application
  [1m[36mMicropost Load (0.3ms)[0m  [1m[34mSELECT "microposts".* FROM "microposts"[0m
  Rendered microposts/index.html.erb within layouts/application (4.3ms)
Completed 200 OK in 39ms (Views: 36.4ms | ActiveRecord: 0.3ms)


Started GET "/microposts/new" for 127.0.0.1 at 2019-11-04 17:57:36 +0900
  [1m[35m (0.2ms)[0m  [1m[34mSELECT "schema_migrations"."version" FROM "schema_migrations" ORDER BY "schema_migrations"."version" ASC[0m
Processing by MicropostsController#new as HTML
  Rendering microposts/new.html.erb within layouts/application
  Rendered microposts/_form.html.erb (15.7ms)
  Rendered microposts/new.html.erb within layouts/application (17.9ms)
Completed 200 OK in 238ms (Views: 219.6ms | ActiveRecord: 2.1ms)


Started POST "/microposts" for 127.0.0.1 at 2019-11-04 17:57:38 +0900
Processing by MicropostsController#create as HTML
  Parameters: {"utf8"=>"✓", "authenticity_token"=>"7bNNW58OXIxhkJae48UVPFz3PAQHUOFqaf76p0PUjWXts65x/29g1XjwSNtkezX3r3txT/EkEO1MGPwXiB0CmQ==", "micropost"=>{"content"=>"", "user_id"=>""}, "commit"=>"Create Micropost"}
  [1m[35m (0.0ms)[0m  [1m[36mbegin transaction[0m
  [1m[35m (0.1ms)[0m  [1m[31mrollback transaction[0m
  Rendering microposts/new.html.erb within layouts/application
  Rendered microposts/_form.html.erb (1.9ms)
  Rendered microposts/new.html.erb within layouts/application (3.0ms)
Completed 200 OK in 74ms (Views: 51.3ms | ActiveRecord: 0.4ms)


Started POST "/microposts" for 127.0.0.1 at 2019-11-04 17:57:44 +0900
Processing by MicropostsController#create as HTML
  Parameters: {"utf8"=>"✓", "authenticity_token"=>"DlxZtxAdxz5pzzVlOfkgIMznzmOY71AJ7oyUvYMeBbGT0O9JwKLV7IDVcjHgq6zMT0emYLtVP2RSd5LwIcN8sg==", "micropost"=>{"content"=>"a belongs_to :user\r\n  validates :content, length: { maximum: 140 },\r\n                      presence: true belongs_to :user\r\n  validates :content, length: { maximum: 140 },\r\n                      presence: true belongs_to :user\r\n  validates :content, length: { maximum: 140 },\r\n                      presence: true belongs_to :user\r\n  validates :content, length: { maximum: 140 },\r\n                      presence: true belongs_to :user\r\n  validates :content, length: { maximum: 140 },\r\n                      presence: true belongs_to :user\r\n  validates :content, length: { maximum: 140 },\r\n                      presence: true", "user_id"=>""}, "commit"=>"Create Micropost"}
  [1m[35m (0.1ms)[0m  [1m[36mbegin transaction[0m
  [1m[35m (0.1ms)[0m  [1m[31mrollback transaction[0m
  Rendering microposts/new.html.erb within layouts/application
  Rendered microposts/_form.html.erb (6.1ms)
  Rendered microposts/new.html.erb within layouts/application (7.4ms)
Completed 200 OK in 93ms (Views: 64.0ms | ActiveRecord: 0.2ms)


Started GET "/microposts" for 127.0.0.1 at 2019-11-04 17:57:48 +0900
Processing by MicropostsController#index as HTML
  Rendering microposts/index.html.erb within layouts/application
  [1m[36mMicropost Load (0.3ms)[0m  [1m[34mSELECT "microposts".* FROM "microposts"[0m
  Rendered microposts/index.html.erb within layouts/application (3.9ms)
Completed 200 OK in 26ms (Views: 23.6ms | ActiveRecord: 0.3ms)


